2017/12/13 20:38:18 INFO  - jmeter.util.JMeterUtils: Setting Locale to en_US 
2017/12/13 20:38:18 INFO  - jmeter.JMeter: Loading user properties from: /usr/local/Cellar/jmeter/3.0/libexec/bin/user.properties 
2017/12/13 20:38:18 INFO  - jmeter.JMeter: Loading system properties from: /usr/local/Cellar/jmeter/3.0/libexec/bin/system.properties 
2017/12/13 20:38:18 INFO  - jmeter.JMeter: Copyright (c) 1998-2016 The Apache Software Foundation 
2017/12/13 20:38:18 INFO  - jmeter.JMeter: Version 3.0 r1743807 
2017/12/13 20:38:18 INFO  - jmeter.JMeter: java.version=1.8.0_92 
2017/12/13 20:38:18 INFO  - jmeter.JMeter: java.vm.name=Java HotSpot(TM) 64-Bit Server VM 
2017/12/13 20:38:18 INFO  - jmeter.JMeter: os.name=Mac OS X 
2017/12/13 20:38:18 INFO  - jmeter.JMeter: os.arch=x86_64 
2017/12/13 20:38:18 INFO  - jmeter.JMeter: os.version=10.12.6 
2017/12/13 20:38:18 INFO  - jmeter.JMeter: file.encoding=UTF-8 
2017/12/13 20:38:18 INFO  - jmeter.JMeter: Max memory     =514850816 
2017/12/13 20:38:18 INFO  - jmeter.JMeter: Available Processors =8 
2017/12/13 20:38:18 INFO  - jmeter.JMeter: Default Locale=English (United States) 
2017/12/13 20:38:18 INFO  - jmeter.JMeter: JMeter  Locale=English (United States) 
2017/12/13 20:38:18 INFO  - jmeter.JMeter: JMeterHome=/usr/local/Cellar/jmeter/3.0/libexec 
2017/12/13 20:38:18 INFO  - jmeter.JMeter: user.dir  =/Users/jazz/general_assembly/DAT-SM-18 
2017/12/13 20:38:18 INFO  - jmeter.JMeter: PWD       =/Users/jazz/general_assembly/DAT-SM-18 
2017/12/13 20:38:18 INFO  - jmeter.JMeter: IP: 10.0.9.150 Name: Jaspreets-MacBook-Pro.local FullName: 10.0.9.150 
2017/12/13 20:38:19 INFO  - jmeter.gui.action.LookAndFeelCommand: Using look and feel: com.apple.laf.AquaLookAndFeel [Mac OS X, System] 
2017/12/13 20:38:19 INFO  - jmeter.JMeter: Loaded icon properties from org/apache/jmeter/images/icon.properties 
2017/12/13 20:38:20 INFO  - jmeter.engine.util.CompoundVariable: Note: Function class names must contain the string: '.functions.' 
2017/12/13 20:38:20 INFO  - jmeter.engine.util.CompoundVariable: Note: Function class names must not contain the string: '.gui.' 
2017/12/13 20:38:21 INFO  - kg.apc.jmeter.JMeterPluginsUtils: JMeter-Plugins.org v.1.4.0 
2017/12/13 20:38:22 INFO  - jmeter.util.BSFTestElement: Registering JMeter version of JavaScript engine as work-round for BSF-22 
2017/12/13 20:38:22 INFO  - jmeter.protocol.http.sampler.HTTPSamplerBase: Parser for text/html is org.apache.jmeter.protocol.http.parser.LagartoBasedHtmlParser 
2017/12/13 20:38:22 INFO  - jmeter.protocol.http.sampler.HTTPSamplerBase: Parser for application/xhtml+xml is org.apache.jmeter.protocol.http.parser.LagartoBasedHtmlParser 
2017/12/13 20:38:22 INFO  - jmeter.protocol.http.sampler.HTTPSamplerBase: Parser for application/xml is org.apache.jmeter.protocol.http.parser.LagartoBasedHtmlParser 
2017/12/13 20:38:22 INFO  - jmeter.protocol.http.sampler.HTTPSamplerBase: Parser for text/xml is org.apache.jmeter.protocol.http.parser.LagartoBasedHtmlParser 
2017/12/13 20:38:22 INFO  - jmeter.protocol.http.sampler.HTTPSamplerBase: Parser for text/vnd.wap.wml is org.apache.jmeter.protocol.http.parser.RegexpHTMLParser 
2017/12/13 20:38:22 INFO  - jmeter.protocol.http.sampler.HTTPSamplerBase: Parser for text/css is org.apache.jmeter.protocol.http.parser.CssParser 
2017/12/13 20:38:22 INFO  - jorphan.exec.KeyToolUtils: keytool found at 'keytool' 
2017/12/13 20:38:22 INFO  - jmeter.protocol.http.proxy.ProxyControl: HTTP(S) Test Script Recorder SSL Proxy will use keys that support embedded 3rd party resources in file /usr/local/Cellar/jmeter/3.0/libexec/bin/proxyserver.jks 
2017/12/13 20:38:22 INFO  - jmeter.gui.util.MenuFactory: Skipping org.apache.jmeter.protocol.mongodb.config.MongoSourceElement 
2017/12/13 20:38:22 INFO  - jmeter.gui.util.MenuFactory: Skipping org.apache.jmeter.protocol.mongodb.sampler.MongoScriptSampler 
2017/12/13 20:38:22 INFO  - jmeter.gui.util.MenuFactory: Skipping org.apache.jmeter.visualizers.DistributionGraphVisualizer 
2017/12/13 20:38:22 INFO  - jmeter.samplers.SampleResult: Note: Sample TimeStamps are START times 
2017/12/13 20:38:22 INFO  - jmeter.samplers.SampleResult: sampleresult.default.encoding is set to ISO-8859-1 
2017/12/13 20:38:22 INFO  - jmeter.samplers.SampleResult: sampleresult.useNanoTime=true 
2017/12/13 20:38:22 INFO  - jmeter.samplers.SampleResult: sampleresult.nanoThreadSleep=5000 
2017/12/13 20:38:22 INFO  - jmeter.gui.util.MenuFactory: Skipping org.apache.jmeter.visualizers.SplineVisualizer 
